<?xml version="1.0" encoding="UTF-8"?>
<!-- Generated by org.testng.reporters.JUnitReportReporter -->
<testsuite hostname="Shree-PC" failures="0" tests="1" name="NewTestAlerts" time="27.233" errors="0" timestamp="2021-06-03T19:34:56 IST" skipped="0">
  <testcase classname="NewTestAlerts" name="f" time="27.233"/>
  <system-out/>
</testsuite> <!-- NewTestAlerts -->
