<?xml version="1.0" encoding="UTF-8"?>
<!-- Generated by org.testng.reporters.JUnitReportReporter -->
<testsuite hostname="Shree-PC" failures="0" tests="1" name="NewTest" time="9.850" errors="0" timestamp="2021-06-01T20:21:47 IST" skipped="0">
  <testcase classname="NewTest" name="f" time="9.850"/>
  <system-out/>
</testsuite> <!-- NewTest -->
