<?xml version="1.0" encoding="UTF-8"?>
<!-- Generated by org.testng.reporters.JUnitReportReporter -->
<testsuite hostname="Shree-PC" failures="0" tests="3" name="NewTest1" time="6.161" errors="0" timestamp="2021-06-02T09:25:10 IST" skipped="0">
  <testcase classname="NewTest1" name="a" time="5.217"/>
  <system-out/>
  <testcase classname="NewTest1" name="b" time="0.191"/>
  <system-out/>
  <testcase classname="NewTest1" name="c" time="0.753"/>
  <system-out/>
</testsuite> <!-- NewTest1 -->
