<?xml version="1.0" encoding="UTF-8"?>
<!-- Generated by org.testng.reporters.JUnitReportReporter -->
<testsuite hostname="Shree-PC" failures="0" tests="1" name="NewTestAlerts" time="28.751" errors="0" timestamp="2021-06-04T16:16:25 IST" skipped="0">
  <testcase classname="NewTestAlerts" name="f" time="28.751"/>
  <system-out/>
</testsuite> <!-- NewTestAlerts -->
