<?xml version="1.0" encoding="UTF-8"?>
<!-- Generated by org.testng.reporters.JUnitReportReporter -->
<testsuite hostname="Shree-PC" failures="0" tests="1" name="NewTestAlerts" time="7.041" errors="0" timestamp="2021-06-02T10:09:17 IST" skipped="0">
  <testcase classname="NewTestAlerts" name="f" time="7.041"/>
  <system-out/>
</testsuite> <!-- NewTestAlerts -->
